  IDirect3D9Ex.cpp
  IDirect3DCubeTexture9.cpp
  IDirect3DDevice9Ex.cpp
  IDirect3DIndexBuffer9.cpp
  IDirect3DPixelShader9.cpp
  IDirect3DQuery9.cpp
  IDirect3DStateBlock9.cpp
  IDirect3DSurface9.cpp
  IDirect3DSwapChain9Ex.cpp
  IDirect3DTexture9.cpp
  IDirect3DVertexBuffer9.cpp
  IDirect3DVertexDeclaration9.cpp
  IDirect3DVertexShader9.cpp
  IDirect3DVolume9.cpp
  IDirect3DVolumeTexture9.cpp
  InterfaceQuery.cpp
  dllmain.cpp
C:\Users\Chip\Desktop\Fixes\Source Code  Release-18-06-24 V1.0\spiderman-3-fix-main\spiderman-3-fix-main\source\dllmain.cpp(259,5): warning C4996: 'strcpy': This function or variable may be unsafe. Consider using strcpy_s instead. To disable deprecation, use _CRT_SECURE_NO_WARNINGS. See online help for details.
C:\Users\Chip\Desktop\Fixes\Source Code  Release-18-06-24 V1.0\spiderman-3-fix-main\spiderman-3-fix-main\source\dllmain.cpp(293,5): warning C4996: 'strcat': This function or variable may be unsafe. Consider using strcat_s instead. To disable deprecation, use _CRT_SECURE_NO_WARNINGS. See online help for details.
C:\Users\Chip\Desktop\Fixes\Source Code  Release-18-06-24 V1.0\spiderman-3-fix-main\spiderman-3-fix-main\source\dllmain.cpp(646,29): warning C4838: conversion from 'FLOAT' to 'LONG' requires a narrowing conversion
C:\Users\Chip\Desktop\Fixes\Source Code  Release-18-06-24 V1.0\spiderman-3-fix-main\spiderman-3-fix-main\source\dllmain.cpp(646,29): warning C4244: 'initializing': conversion from 'FLOAT' to 'LONG', possible loss of data
C:\Users\Chip\Desktop\Fixes\Source Code  Release-18-06-24 V1.0\spiderman-3-fix-main\spiderman-3-fix-main\source\dllmain.cpp(646,34): warning C4838: conversion from 'FLOAT' to 'LONG' requires a narrowing conversion
C:\Users\Chip\Desktop\Fixes\Source Code  Release-18-06-24 V1.0\spiderman-3-fix-main\spiderman-3-fix-main\source\dllmain.cpp(646,34): warning C4244: 'initializing': conversion from 'FLOAT' to 'LONG', possible loss of data
C:\Users\Chip\Desktop\Fixes\Source Code  Release-18-06-24 V1.0\spiderman-3-fix-main\spiderman-3-fix-main\source\dllmain.cpp(646,39): warning C4838: conversion from 'FLOAT' to 'LONG' requires a narrowing conversion
C:\Users\Chip\Desktop\Fixes\Source Code  Release-18-06-24 V1.0\spiderman-3-fix-main\spiderman-3-fix-main\source\dllmain.cpp(646,39): warning C4244: 'initializing': conversion from 'FLOAT' to 'LONG', possible loss of data
C:\Users\Chip\Desktop\Fixes\Source Code  Release-18-06-24 V1.0\spiderman-3-fix-main\spiderman-3-fix-main\source\dllmain.cpp(646,51): warning C4838: conversion from 'FLOAT' to 'LONG' requires a narrowing conversion
C:\Users\Chip\Desktop\Fixes\Source Code  Release-18-06-24 V1.0\spiderman-3-fix-main\spiderman-3-fix-main\source\dllmain.cpp(646,51): warning C4244: 'initializing': conversion from 'FLOAT' to 'LONG', possible loss of data
C:\Users\Chip\Desktop\Fixes\Source Code  Release-18-06-24 V1.0\spiderman-3-fix-main\spiderman-3-fix-main\source\dllmain.cpp(647,27): warning C4838: conversion from 'FLOAT' to 'LONG' requires a narrowing conversion
C:\Users\Chip\Desktop\Fixes\Source Code  Release-18-06-24 V1.0\spiderman-3-fix-main\spiderman-3-fix-main\source\dllmain.cpp(647,27): warning C4244: 'initializing': conversion from 'FLOAT' to 'LONG', possible loss of data
C:\Users\Chip\Desktop\Fixes\Source Code  Release-18-06-24 V1.0\spiderman-3-fix-main\spiderman-3-fix-main\source\dllmain.cpp(647,32): warning C4838: conversion from 'FLOAT' to 'LONG' requires a narrowing conversion
C:\Users\Chip\Desktop\Fixes\Source Code  Release-18-06-24 V1.0\spiderman-3-fix-main\spiderman-3-fix-main\source\dllmain.cpp(647,32): warning C4244: 'initializing': conversion from 'FLOAT' to 'LONG', possible loss of data
C:\Users\Chip\Desktop\Fixes\Source Code  Release-18-06-24 V1.0\spiderman-3-fix-main\spiderman-3-fix-main\source\dllmain.cpp(647,39): warning C4838: conversion from 'FLOAT' to 'LONG' requires a narrowing conversion
C:\Users\Chip\Desktop\Fixes\Source Code  Release-18-06-24 V1.0\spiderman-3-fix-main\spiderman-3-fix-main\source\dllmain.cpp(647,39): warning C4244: 'initializing': conversion from 'FLOAT' to 'LONG', possible loss of data
C:\Users\Chip\Desktop\Fixes\Source Code  Release-18-06-24 V1.0\spiderman-3-fix-main\spiderman-3-fix-main\source\dllmain.cpp(647,51): warning C4838: conversion from 'FLOAT' to 'LONG' requires a narrowing conversion
C:\Users\Chip\Desktop\Fixes\Source Code  Release-18-06-24 V1.0\spiderman-3-fix-main\spiderman-3-fix-main\source\dllmain.cpp(647,51): warning C4244: 'initializing': conversion from 'FLOAT' to 'LONG', possible loss of data
C:\Users\Chip\Desktop\Fixes\Source Code  Release-18-06-24 V1.0\spiderman-3-fix-main\spiderman-3-fix-main\source\dllmain.cpp(648,29): warning C4838: conversion from 'FLOAT' to 'LONG' requires a narrowing conversion
C:\Users\Chip\Desktop\Fixes\Source Code  Release-18-06-24 V1.0\spiderman-3-fix-main\spiderman-3-fix-main\source\dllmain.cpp(648,29): warning C4244: 'initializing': conversion from 'FLOAT' to 'LONG', possible loss of data
C:\Users\Chip\Desktop\Fixes\Source Code  Release-18-06-24 V1.0\spiderman-3-fix-main\spiderman-3-fix-main\source\dllmain.cpp(648,34): warning C4838: conversion from 'FLOAT' to 'LONG' requires a narrowing conversion
C:\Users\Chip\Desktop\Fixes\Source Code  Release-18-06-24 V1.0\spiderman-3-fix-main\spiderman-3-fix-main\source\dllmain.cpp(648,34): warning C4244: 'initializing': conversion from 'FLOAT' to 'LONG', possible loss of data
C:\Users\Chip\Desktop\Fixes\Source Code  Release-18-06-24 V1.0\spiderman-3-fix-main\spiderman-3-fix-main\source\dllmain.cpp(648,39): warning C4838: conversion from 'FLOAT' to 'LONG' requires a narrowing conversion
C:\Users\Chip\Desktop\Fixes\Source Code  Release-18-06-24 V1.0\spiderman-3-fix-main\spiderman-3-fix-main\source\dllmain.cpp(648,39): warning C4244: 'initializing': conversion from 'FLOAT' to 'LONG', possible loss of data
C:\Users\Chip\Desktop\Fixes\Source Code  Release-18-06-24 V1.0\spiderman-3-fix-main\spiderman-3-fix-main\source\dllmain.cpp(648,51): warning C4838: conversion from 'FLOAT' to 'LONG' requires a narrowing conversion
C:\Users\Chip\Desktop\Fixes\Source Code  Release-18-06-24 V1.0\spiderman-3-fix-main\spiderman-3-fix-main\source\dllmain.cpp(648,51): warning C4244: 'initializing': conversion from 'FLOAT' to 'LONG', possible loss of data
C:\Users\Chip\Desktop\Fixes\Source Code  Release-18-06-24 V1.0\spiderman-3-fix-main\spiderman-3-fix-main\source\dllmain.cpp(649,27): warning C4838: conversion from 'FLOAT' to 'LONG' requires a narrowing conversion
C:\Users\Chip\Desktop\Fixes\Source Code  Release-18-06-24 V1.0\spiderman-3-fix-main\spiderman-3-fix-main\source\dllmain.cpp(649,27): warning C4244: 'initializing': conversion from 'FLOAT' to 'LONG', possible loss of data
C:\Users\Chip\Desktop\Fixes\Source Code  Release-18-06-24 V1.0\spiderman-3-fix-main\spiderman-3-fix-main\source\dllmain.cpp(649,32): warning C4838: conversion from 'FLOAT' to 'LONG' requires a narrowing conversion
C:\Users\Chip\Desktop\Fixes\Source Code  Release-18-06-24 V1.0\spiderman-3-fix-main\spiderman-3-fix-main\source\dllmain.cpp(649,32): warning C4244: 'initializing': conversion from 'FLOAT' to 'LONG', possible loss of data
C:\Users\Chip\Desktop\Fixes\Source Code  Release-18-06-24 V1.0\spiderman-3-fix-main\spiderman-3-fix-main\source\dllmain.cpp(649,39): warning C4838: conversion from 'FLOAT' to 'LONG' requires a narrowing conversion
C:\Users\Chip\Desktop\Fixes\Source Code  Release-18-06-24 V1.0\spiderman-3-fix-main\spiderman-3-fix-main\source\dllmain.cpp(649,39): warning C4244: 'initializing': conversion from 'FLOAT' to 'LONG', possible loss of data
C:\Users\Chip\Desktop\Fixes\Source Code  Release-18-06-24 V1.0\spiderman-3-fix-main\spiderman-3-fix-main\source\dllmain.cpp(649,51): warning C4838: conversion from 'FLOAT' to 'LONG' requires a narrowing conversion
C:\Users\Chip\Desktop\Fixes\Source Code  Release-18-06-24 V1.0\spiderman-3-fix-main\spiderman-3-fix-main\source\dllmain.cpp(649,51): warning C4244: 'initializing': conversion from 'FLOAT' to 'LONG', possible loss of data
C:\Users\Chip\Desktop\Fixes\Source Code  Release-18-06-24 V1.0\spiderman-3-fix-main\spiderman-3-fix-main\source\dllmain.cpp(650,27): warning C4838: conversion from 'FLOAT' to 'LONG' requires a narrowing conversion
C:\Users\Chip\Desktop\Fixes\Source Code  Release-18-06-24 V1.0\spiderman-3-fix-main\spiderman-3-fix-main\source\dllmain.cpp(650,27): warning C4244: 'initializing': conversion from 'FLOAT' to 'LONG', possible loss of data
C:\Users\Chip\Desktop\Fixes\Source Code  Release-18-06-24 V1.0\spiderman-3-fix-main\spiderman-3-fix-main\source\dllmain.cpp(650,30): warning C4838: conversion from 'FLOAT' to 'LONG' requires a narrowing conversion
C:\Users\Chip\Desktop\Fixes\Source Code  Release-18-06-24 V1.0\spiderman-3-fix-main\spiderman-3-fix-main\source\dllmain.cpp(650,30): warning C4244: 'initializing': conversion from 'FLOAT' to 'LONG', possible loss of data
C:\Users\Chip\Desktop\Fixes\Source Code  Release-18-06-24 V1.0\spiderman-3-fix-main\spiderman-3-fix-main\source\dllmain.cpp(650,35): warning C4838: conversion from 'FLOAT' to 'LONG' requires a narrowing conversion
C:\Users\Chip\Desktop\Fixes\Source Code  Release-18-06-24 V1.0\spiderman-3-fix-main\spiderman-3-fix-main\source\dllmain.cpp(650,35): warning C4244: 'initializing': conversion from 'FLOAT' to 'LONG', possible loss of data
C:\Users\Chip\Desktop\Fixes\Source Code  Release-18-06-24 V1.0\spiderman-3-fix-main\spiderman-3-fix-main\source\dllmain.cpp(650,47): warning C4838: conversion from 'FLOAT' to 'LONG' requires a narrowing conversion
C:\Users\Chip\Desktop\Fixes\Source Code  Release-18-06-24 V1.0\spiderman-3-fix-main\spiderman-3-fix-main\source\dllmain.cpp(650,47): warning C4244: 'initializing': conversion from 'FLOAT' to 'LONG', possible loss of data
C:\Users\Chip\Desktop\Fixes\Source Code  Release-18-06-24 V1.0\spiderman-3-fix-main\spiderman-3-fix-main\source\dllmain.cpp(641,21): warning C4996: '_vsnprintf': This function or variable may be unsafe. Consider using _vsnprintf_s instead. To disable deprecation, use _CRT_SECURE_NO_WARNINGS. See online help for details.
C:\Users\Chip\Desktop\Fixes\Source Code  Release-18-06-24 V1.0\spiderman-3-fix-main\spiderman-3-fix-main\source\dllmain.cpp(666,44): warning C4244: 'argument': conversion from 'int' to 'FLOAT', possible loss of data
C:\Users\Chip\Desktop\Fixes\Source Code  Release-18-06-24 V1.0\spiderman-3-fix-main\spiderman-3-fix-main\source\dllmain.cpp(1440,13): warning C4996: 'strcpy': This function or variable may be unsafe. Consider using strcpy_s instead. To disable deprecation, use _CRT_SECURE_NO_WARNINGS. See online help for details.
  Generating Code...
     Creating library ..\data\d3d9.lib and object ..\data\d3d9.exp
  d3d9-wrapper.vcxproj -> C:\Users\Chip\Desktop\Fixes\Source Code  Release-18-06-24 V1.0\spiderman-3-fix-main\spiderman-3-fix-main\data\d3d9.dll
